<?xml version="1.0" encoding="UTF-8"?>
<!-- Generated by org.testng.reporters.JUnitReportReporter -->
<testsuite skipped="0" hostname="Lucho-PC" name="sumat.test.GeneracionPlanillaDeLiquidacionTest" tests="1" failures="0" timestamp="09 ene 2020 18:16:06 GMT" time="11.646" errors="0">
  <testcase name="test" time="11.646" classname="sumat.test.GeneracionPlanillaDeLiquidacionTest"/>
</testsuite> <!-- sumat.test.GeneracionPlanillaDeLiquidacionTest -->
