<?xml version="1.0" encoding="UTF-8"?>
<!-- Generated by org.testng.reporters.JUnitReportReporter -->
<testsuite skipped="0" hostname="Lucho-PC" name="sumat.test.Planilla.ConsultaDeAutoliquidacionesTest" tests="1" failures="0" timestamp="09 ene 2020 19:00:26 GMT" time="6.851" errors="0">
  <testcase name="Validar_Link_Deshabilitados" time="6.851" classname="sumat.test.Planilla.ConsultaDeAutoliquidacionesTest"/>
</testsuite> <!-- sumat.test.Planilla.ConsultaDeAutoliquidacionesTest -->
