<?xml version="1.0" encoding="UTF-8"?>
<!-- Generated by org.testng.reporters.JUnitReportReporter -->
<testsuite hostname="ECN77" failures="0" tests="2" name="sumat.pages.DB_SUMAT" time="0.043" errors="0" timestamp="07 ene. 2020 12:04:36 GMT" skipped="1">
  <testcase classname="sumat.pages.DB_SUMAT" name="GenrarUsuariosNoAsociados" time="0.043"/>
  <testcase classname="sumat.pages.DB_SUMAT" name="firsttest">
    <skipped/>
  </testcase> <!-- firsttest -->
</testsuite> <!-- sumat.pages.DB_SUMAT -->
