<?xml version="1.0" encoding="UTF-8"?>
<!-- Generated by org.testng.reporters.JUnitReportReporter -->
<testsuite hostname="ECN77" failures="0" tests="1" name="sumat.test.GenerarPlanillaDeAutoliquidacionTest" time="6.996" errors="0" timestamp="07 ene. 2020 19:56:44 GMT" skipped="0">
  <testcase classname="sumat.test.GenerarPlanillaDeAutoliquidacionTest" name="test" time="6.996"/>
</testsuite> <!-- sumat.test.GenerarPlanillaDeAutoliquidacionTest -->
