<?xml version="1.0" encoding="UTF-8"?>
<!-- Generated by org.testng.reporters.JUnitReportReporter -->
<testsuite skipped="0" hostname="Lucho-PC" name="sumat.test.Contribuyentes.AdministracionDeContribuyentesTest" tests="4" failures="0" timestamp="09 ene 2020 18:37:43 GMT" time="20.013" errors="0">
  <testcase name="Filtro_RazonSocial" time="5.328" classname="sumat.test.Contribuyentes.AdministracionDeContribuyentesTest"/>
  <testcase name="Filtro_Tipo" time="4.604" classname="sumat.test.Contribuyentes.AdministracionDeContribuyentesTest"/>
  <testcase name="Filtro_Denominacion" time="5.261" classname="sumat.test.Contribuyentes.AdministracionDeContribuyentesTest"/>
  <testcase name="Filtro_Documento" time="4.820" classname="sumat.test.Contribuyentes.AdministracionDeContribuyentesTest"/>
</testsuite> <!-- sumat.test.Contribuyentes.AdministracionDeContribuyentesTest -->
