<?xml version="1.0" encoding="UTF-8"?>
<!-- Generated by org.testng.reporters.JUnitReportReporter -->
<testsuite hostname="ECN77" failures="0" tests="2" name="sumat.test.LoginTest" time="7.282" errors="0" timestamp="03 ene. 2020 18:48:04 GMT" skipped="0">
  <testcase classname="sumat.test.LoginTest" name="failed_login" time="3.895"/>
  <testcase classname="sumat.test.LoginTest" name="successful_login" time="3.387"/>
</testsuite> <!-- sumat.test.LoginTest -->
