<?xml version="1.0" encoding="UTF-8"?>
<!-- Generated by org.testng.reporters.JUnitReportReporter -->
<testsuite hostname="ECN77" failures="0" tests="2" name="sumat.test.AsociarUnContribuyenteTest" time="12.407" errors="0" timestamp="07 ene. 2020 19:41:50 GMT" skipped="0">
  <testcase classname="sumat.test.AsociarUnContribuyenteTest" name="pruebaDB" time="0.016"/>
  <testcase classname="sumat.test.AsociarUnContribuyenteTest" name="Asociar_test" time="12.391"/>
</testsuite> <!-- sumat.test.AsociarUnContribuyenteTest -->
