<?xml version="1.0" encoding="UTF-8"?>
<!-- Generated by org.testng.reporters.JUnitReportReporter -->
<testsuite hostname="ECN77" failures="0" tests="3" name="sumat.test.LoginTest" time="5.357" errors="0" timestamp="07 ene. 2020 19:22:41 GMT" skipped="2">
  <testcase classname="sumat.test.LoginTest" name="simat_menu" time="5.357"/>
  <testcase classname="sumat.test.LoginTest" name="failed_login">
    <skipped/>
  </testcase> <!-- failed_login -->
  <testcase classname="sumat.test.LoginTest" name="successful_login">
    <skipped/>
  </testcase> <!-- successful_login -->
</testsuite> <!-- sumat.test.LoginTest -->
